<?xml version="1.0" encoding="UTF-8"?>
<testsuite xmlns:xsi="http://www.w3.org/2001/XMLSchema-instance" xsi:noNamespaceSchemaLocation="https://maven.apache.org/surefire/maven-surefire-plugin/xsd/surefire-test-report.xsd" version="3.0.2" name="com.Zomato.ZomatoApplicationTests" time="9.966" tests="1" errors="0" skipped="0" failures="0">
  <properties>
[...]
</properties>
  <testcase name="contextLoads" classname="com.Zomato.ZomatoApplicationTests" time="0.895">
    <system-out><![CDATA[15:28:15.526 [main] INFO org.springframework.test.context.support.AnnotationConfigContextLoaderUtils -- Could not detect default configuration classes for test class [com.Zomato.ZomatoApplicationTests]: ZomatoApplicationTests does not declare any static, non-private, non-final, nested classes annotated with @Configuration.
15:28:15.782 [main] INFO org.springframework.boot.test.context.SpringBootTestContextBootstrapper -- Found @SpringBootConfiguration com.Zomato.ZomatoApplication for test class com.Zomato.ZomatoApplicationTests

  .   ____          _            __ _ _
 /\\ / ___'_ __ _ _(_)_ __  __ _ \ \ \ \
( ( )\___ | '_ | '_| | '_ \/ _` | \ \ \ \
 \\/  ___)| |_)| | | | | || (_| |  ) ) ) )
  '  |____| .__|_| |_|_| |_\__, | / / / /
 =========|_|==============|___/=/_/_/_/

 :: Spring Boot ::                (v3.5.4)

2025-08-14T15:28:16.778+05:30  INFO 18264 --- [Zomato] [           main] com.Zomato.ZomatoApplicationTests        : Starting ZomatoApplicationTests using Java 24.0.2 with PID 18264 (started by DELL in C:\Users\DELL\Downloads\Zomato\Zomato)
2025-08-14T15:28:16.781+05:30  INFO 18264 --- [Zomato] [           main] com.Zomato.ZomatoApplicationTests        : No active profile set, falling back to 1 default profile: "default"
2025-08-14T15:28:18.143+05:30  INFO 18264 --- [Zomato] [           main] .s.d.r.c.RepositoryConfigurationDelegate : Bootstrapping Spring Data JPA repositories in DEFAULT mode.
2025-08-14T15:28:18.270+05:30  INFO 18264 --- [Zomato] [           main] .s.d.r.c.RepositoryConfigurationDelegate : Finished Spring Data repository scanning in 107 ms. Found 1 JPA repository interface.
2025-08-14T15:28:19.132+05:30  INFO 18264 --- [Zomato] [           main] o.hibernate.jpa.internal.util.LogHelper  : HHH000204: Processing PersistenceUnitInfo [name: default]
2025-08-14T15:28:19.288+05:30  INFO 18264 --- [Zomato] [           main] org.hibernate.Version                    : HHH000412: Hibernate ORM core version 6.6.22.Final
2025-08-14T15:28:19.366+05:30  INFO 18264 --- [Zomato] [           main] o.h.c.internal.RegionFactoryInitiator    : HHH000026: Second-level cache disabled
2025-08-14T15:28:20.085+05:30  INFO 18264 --- [Zomato] [           main] o.s.o.j.p.SpringPersistenceUnitInfo      : No LoadTimeWeaver setup: ignoring JPA class transformer
2025-08-14T15:28:20.139+05:30  INFO 18264 --- [Zomato] [           main] com.zaxxer.hikari.HikariDataSource       : HikariPool-1 - Starting...
2025-08-14T15:28:20.985+05:30  INFO 18264 --- [Zomato] [           main] com.zaxxer.hikari.pool.HikariPool        : HikariPool-1 - Added connection com.mysql.cj.jdbc.ConnectionImpl@7bf65e0f
2025-08-14T15:28:20.989+05:30  INFO 18264 --- [Zomato] [           main] com.zaxxer.hikari.HikariDataSource       : HikariPool-1 - Start completed.
2025-08-14T15:28:21.189+05:30  WARN 18264 --- [Zomato] [           main] org.hibernate.orm.deprecation            : HHH90000025: MySQL8Dialect does not need to be specified explicitly using 'hibernate.dialect' (remove the property setting and it will be selected by default)
2025-08-14T15:28:21.192+05:30  WARN 18264 --- [Zomato] [           main] org.hibernate.orm.deprecation            : HHH90000026: MySQL8Dialect has been deprecated; use org.hibernate.dialect.MySQLDialect instead
2025-08-14T15:28:21.235+05:30  INFO 18264 --- [Zomato] [           main] org.hibernate.orm.connections.pooling    : HHH10001005: Database info:
	Database JDBC URL [Connecting through datasource 'HikariDataSource (HikariPool-1)']
	Database driver: undefined/unknown
	Database version: 8.0
	Autocommit mode: undefined/unknown
	Isolation level: undefined/unknown
	Minimum pool size: undefined/unknown
	Maximum pool size: undefined/unknown
2025-08-14T15:28:22.686+05:30  INFO 18264 --- [Zomato] [           main] o.h.e.t.j.p.i.JtaPlatformInitiator       : HHH000489: No JTA platform available (set 'hibernate.transaction.jta.platform' to enable JTA platform integration)
2025-08-14T15:28:22.806+05:30  INFO 18264 --- [Zomato] [           main] j.LocalContainerEntityManagerFactoryBean : Initialized JPA EntityManagerFactory for persistence unit 'default'
2025-08-14T15:28:23.450+05:30  WARN 18264 --- [Zomato] [           main] JpaBaseConfiguration$JpaWebConfiguration : spring.jpa.open-in-view is enabled by default. Therefore, database queries may be performed during view rendering. Explicitly configure spring.jpa.open-in-view to disable this warning
2025-08-14T15:28:24.237+05:30  INFO 18264 --- [Zomato] [           main] com.Zomato.ZomatoApplicationTests        : Started ZomatoApplicationTests in 8.102 seconds (process running for 10.65)
]]></system-out>
    <system-err><![CDATA[Mockito is currently self-attaching to enable the inline-mock-maker. This will no longer work in future releases of the JDK. Please add Mockito as an agent to your build as described in Mockito's documentation: https://javadoc.io/doc/org.mockito/mockito-core/latest/org.mockito/org/mockito/Mockito.html#0.3
WARNING: A Java agent has been loaded dynamically (C:\Users\DELL\.m2\repository\net\bytebuddy\byte-buddy-agent\1.17.6\byte-buddy-agent-1.17.6.jar)
WARNING: If a serviceability tool is in use, please run with -XX:+EnableDynamicAgentLoading to hide this warning
WARNING: If a serviceability tool is not in use, please run with -Djdk.instrument.traceUsage for more information
WARNING: Dynamic loading of agents will be disallowed by default in a future release
]]></system-err>
  </testcase>
</testsuite>